Turbo Assembler	 Version 3.2	    12/21/05 12:55:46	    Page 1
formule.asm



      1
      2				     ;(b*b+c)/a
      3	0000			      stekas segment stack
      4	0000  0100*(??)		      db 256 dup (?)
      5	0100			      stekas ends
      6	0000			      duomenys segment
      7	0000  04		     a db 4
      8	0001  02		     b db 2
      9	0002  05		     c db 5
     10	0003  00 0A 0D 24	     d db 0,10,13,'$'
     11	0007  00 0A 0D 24	     e db 0,10,13,'$'
     12	000B  53 76 65 69 6B 6F	6A+  t1	db 'Sveikoji dalis:',10,13,'$'
     13	      69 20 64 61 6C 69	73+
     14	      3A 0A 0D 24
     15	001D  4C 69 65 6B 61 6E	61+  t2	db 'Liekana po dalybos:',10,13,'$'
     16	      20 70 6F 20 64 61	6C+
     17	      79 62 6F 73 3A 0A	0D+
     18	      24
     19	0033  46 6F 72 6D 75 6C	65+  t3	db 'Formule: (b^2+c)/a',10,10,13,'$'
     20	      3A 20 28 62 5E 32	2B+
     21	      63 29 2F 61 0A 0A	0D+
     22	      24
     23	0049			      duomenys ends
     24	0000			      programa segment
     25				      assume cs: programa, ds:duomenys,	ss:stekas
     26	0000  B8 0000s		       start: mov ax, duomenys
     27	0003  8E D8			      mov ds, ax
     28
     29					      ;tekstinio ekrano	ishvalymas
     30	0005  B8 0002			      mov ax, 002h
     31	0008  CD 10			      int 10h
     32
     33					     ; Pavadinimas
     34	000A  B4 09			      mov ah,09h
     35	000C  BA 0033r			      lea dx,t3
     36	000F  CD 21			      int 21h
     37
     38					      ;	skaiciavimai
     39	0011  B8 0000			      mov ax,0
     40	0014  A0 0001r			      mov al,b
     41	0017  F6 26 0001r		      mul b
     42	001B  02 06 0002r		      add al,c
     43	001F  F6 36 0000r		      div a
     44	0023  A2 0003r			      mov d,al
     45	0026  88 26 0007r		      mov e,ah
     46	002A  80 06 0007r 30		      add e,30h
     47	002F  80 06 0003r 30		      add d,30h
     48
     49					      ;spausdinimas
     50	0034  B4 09			    mov	ah,09h
     51	0036  BA 000Br			   lea dx,t1
     52	0039  CD 21			   int 21h
     53	003B  B4 09			     mov ah,09h
     54	003D  BA 0003r			   lea dx,d
     55	0040  CD 21			   int 21h
     56	0042  B4 09			     mov ah,09h
     57	0044  BA 001Dr			   lea dx,t2
Turbo Assembler	 Version 3.2	    12/21/05 12:55:46	    Page 2
formule.asm



     58	0047  CD 21			   int 21h
     59	0049  B4 09			     mov ah,09h
     60	004B  BA 0007r			   lea dx,e
     61	004E  CD 21			   int 21h
     62
     63					   ;laukia klavisho paspaudimo
     64	0050  B4 07			  mov ah, 07h
     65	0052  CD 21			  int 21h
     66
     67					  ;pabaiga
     68	0054  B4 4C			   mov ah,4ch
     69	0056  CD 21			   int 21h
     70	0058				   programa ends
     71					   end start
Turbo Assembler	 Version 3.2	    12/21/05 12:55:46	    Page 3
Symbol Table




Symbol Name			  Type	 Value

??DATE				  Text	 "12/21/05"
??FILENAME			  Text	 "formule "
??TIME				  Text	 "12:55:46"
??VERSION			  Number 0314
@CPU				  Text	 0101H
@CURSEG				  Text	 PROGRAMA
@FILENAME			  Text	 FORMULE
@WORDSIZE			  Text	 2
A				  Byte	 DUOMENYS:0000
B				  Byte	 DUOMENYS:0001
C				  Byte	 DUOMENYS:0002
D				  Byte	 DUOMENYS:0003
E				  Byte	 DUOMENYS:0007
START				  Near	 PROGRAMA:0000
T1				  Byte	 DUOMENYS:000B
T2				  Byte	 DUOMENYS:001D
T3				  Byte	 DUOMENYS:0033

Groups & Segments		  Bit Size Align  Combine Class

DUOMENYS			  16  0049 Para	  none
PROGRAMA			  16  0058 Para	  none
STEKAS				  16  0100 Para	  Stack
