Turbo Assembler	 Version 3.2	    12/21/05 12:57:22	    Page 1
c:\tasm\temp\maz.asm



      1				     ;Is masyvo, kuriame yra 30	elementu, isrenkamas maziausias elementas
      2	0000			     stekas segment stack
      3	0000  0100*(00)			    db 256 dup (0)
      4	0100			     ends stekas
      5
      6	0000			     duomenys segment
      7	0000  0A 0A 0B 01 0C 07		      a	db 10,10,11,1,12,7
      8	0006  02 02 15 02 02 02			db 2,2,21,2,2,2
      9	000C  02 04 05 14 08 03			db 2,4,5,20,8,3
     10	0012  09 06 04 06 08 09			db 9,6,4,6,8,9
     11	0018  02 0F 08 05 29 11			db 2,15,8,5,41,17
     12	001E  4B 75 72 73 69 6E	69+	      pran   db	'Kursinis darbas',10,13
     13	      73 20 64 61 72 62	61+
     14	      73 0A 0D
     15	002F  41 74 6C 69 6B 6F	20+		     db	'Atliko	Ana Bikevic',10,13
     16	      41 6E 61 20 42 69	6B+
     17	      65 76 69 63 0A 0D
     18	0043  49 49 2D 33 2F 33	20+		     db	'II-3/3	grupe',10,13
     19	      67 72 75 70 65 0A	0D
     20	0051  4D 61 7A 69 61 75	73+		     db	'Maziausias masyvo elementas:',10,13, '$'
     21	      69 61 73 20 6D 61	73+
     22	      79 76 6F 20 65 6C	65+
     23	      6D 65 6E 74 61 73	3A+
     24	      0A 0D 24
     25
     26	0070  04*(00) 24		      sk db 4 dup (0),'$'
     27	0075  0A			      dal db 10
     28	0076			     ends duomenys
     29
     30	0000			     programa segment
     31					      assume ds:duomenys, cs:programa, ss:stekas
     32	0000  B8 0000s		       start: mov ax,duomenys
     33	0003  8E D8			      mov ds,ax
     34
     35					      ;ekrano valymas
     36	0005  B8 0002			      mov ax,0002h
     37	0008  CD 10			      int 10h
     38
     39	000A  B8 0000			 mov ax,0
     40	000D  B9 001E			 mov cx,30 ;30 kartus suksime cikla
     41	0010  BB 0000			 mov bx,0
     42
     43	0013  8A 87 0000r		 mov al,a[bx] ;issaugomas pirmos eilutes pirmas	elementas, t.y.	nurodoma 1 elemento vieta
     44
     45	0017			       ciklas:
     46	0017  38 87 0000r		    cmp	a[bx],al ; lyginamas 1 elementas su esanciu AL'e
     47	001B  7F 04			    jg toliau
     48	001D  8A 87 0000r		    mov	al,a[bx]
     49
     50	0021				    toliau:
     51	0021  43			    inc	bx
     52	0022  E2 F3		       loop ciklas
     53
     54	0024  A2 0070r		     mov sk,al	 ;i sk patalpinama al reiksme, t.y. musu didziausias elementas
     55
     56				     ;rez vertimas i kodus
     57	0027  B9 0004		     mov cx,4
Turbo Assembler	 Version 3.2	    12/21/05 12:57:22	    Page 2
c:\tasm\temp\maz.asm



     58	002A  BB 0073r		     lea bx,sk+3
     59
     60	002D			     ats:
     61	002D  B4 00		      mov ah,0
     62	002F  F6 36 0075r	      div dal
     63
     64	0033  80 C4 30		      add ah,30h
     65	0036  88 27		      mov [bx],ah
     66	0038  4B		      dec bx
     67	0039  E2 F2		     loop ats
     68
     69				     ;pranesimo	spausdinimas
     70	003B  B4 09		     mov ah,09h
     71	003D  BA 001Er		     lea dx,pran
     72	0040  CD 21		     int 21h
     73
     74
     75				     ;spausdiname ats
     76	0042  B4 09		     mov ah,09h
     77	0044  BA 0070r		     lea dx,sk
     78	0047  CD 21		     int 21h
     79
     80				     ;laukiame klaviso paspaudimo
     81	0049  B4 07		     mov ah,07h
     82	004B  CD 21		     int 21h
     83
     84	004D  B4 4C		      mov ah,4ch
     85	004F  CD 21		      int 21h
     86	0051			     programa ends
     87				      end start
Turbo Assembler	 Version 3.2	    12/21/05 12:57:22	    Page 3
Symbol Table




Symbol Name			  Type	 Value

??DATE				  Text	 "12/21/05"
??FILENAME			  Text	 "maz	  "
??TIME				  Text	 "12:57:22"
??VERSION			  Number 0314
@CPU				  Text	 0101H
@CURSEG				  Text	 PROGRAMA
@FILENAME			  Text	 MAZ
@WORDSIZE			  Text	 2
A				  Byte	 DUOMENYS:0000
ATS				  Near	 PROGRAMA:002D
CIKLAS				  Near	 PROGRAMA:0017
DAL				  Byte	 DUOMENYS:0075
PRAN				  Byte	 DUOMENYS:001E
SK				  Byte	 DUOMENYS:0070
START				  Near	 PROGRAMA:0000
TOLIAU				  Near	 PROGRAMA:0021

Groups & Segments		  Bit Size Align  Combine Class

DUOMENYS			  16  0076 Para	  none
PROGRAMA			  16  0051 Para	  none
STEKAS				  16  0100 Para	  Stack
