Turbo Assembler	 Version 3.2	    17/01/06 13:15:14	    Page 1
3.asm



      1				     ;Steko segmentas
      2	0000			     stekas segment stack
      3	0000  0100*(??)			     db	256 dup(?)
      4	0100			     stekas ends
      5
      6	      =000D		     cr	equ 13
      7	      =000A		     lf	equ 10
      8
      9				     ;Duomenu segmentas
     10	0000			     duomenys segment
     11	0000  41 74 6C 69 6B 6F	3A+	     pran1    db 'Atliko: Valerija Lialina II-3/3', cr, lf, '$'
     12	      20 47 69 65 64 72	69+
     13	      75 73 20 4B 61 72	61+
     14	      6C 69 75 6E 61 73	2C+
     15	      20 49 49 2D 32 2F	33+
     16	      67 72 0D 0A 24
     17	0028  0006			     i	     dw	6
     18	002A  0005			     j	     dw	5
     19	002C  4D 61 74 72 69 63	61+	     pran2    db 'Matrica: ', cr, lf, '$'
     20	      3A 20 0D 0A 24
     21	0038  50 61 6B 65 69 73	74+	     pran3   db	'Pakeista matrica: ', cr, lf, '$'
     22	      61 20 6D 61 74 72	69+
     23	      63 61 3A 20 0D 0A	24
     24	004D  53 70 61 75 73 6B	69+	     pab     db	'Spauskite bet kuri mygtuka...', cr, lf, '$'
     25	      74 65 20 62 65 74	20+
     26	      6B 75 72 69 20 6D	79+
     27	      67 74 75 6B 61 2E	2E+
     28	      2E 0D 0A 24
     29	006D  01 00 02 02 00 01		     matrica db	1,0,2,2,0,1
     30	0073  00 05 03 00 04 02			     db	0,5,3,0,4,2
     31	0079  05 00 01 00 02 01			     db	5,0,1,0,2,1
     32	007F  01 00 01 01 00 02			     db	1,0,1,1,0,2
     33	0085  00 03 00 05 00 01			     db	0,3,0,5,0,1
     34	008B  0A 0D 24			      eil    db	lf, cr,	'$'
     35	008E  000A			      des    dw	10
     36	0090			     duomenys ends
     37				     ;Programos	segmetas
     38	0000			     programa segment
     39					    assume CS:programa,	DS:duomenys, SS:stekas
     40	0000  B8 0000s			    start: mov AX, duomenys
     41	0003  8E D8				   mov DS, AX
     42				     ;Ekrano nuvalymas
     43	0005  B8 0002			     mov ax, 0002h
     44	0008  CD 10			     int 10h
     45				     ;Kursoriaus nustatymas
     46	000A  B4 02			     mov AH, 02
     47	000C  B7 00			     mov BH, 00h
     48	000E  B6 00			     mov DH, 00h
     49	0010  B2 00			     mov DL, 00h
     50	0012  CD 10			     int 10h
     51
     52	0014  B4 09			     mov ah, 09h
     53	0016  BA 0000r			     lea DX, pran1
     54	0019  CD 21			     int 21h
     55
     56	001B  E8 00A7			     call eil_isv
     57	001E  B4 09			     mov ah, 09h
Turbo Assembler	 Version 3.2	    17/01/06 13:15:14	    Page 2
3.asm



     58	0020  BA 002Cr			     lea DX, pran2
     59	0023  CD 21			     int 21h
     60
     61	0025  E8 004B			     call mat_isv
     62
     63				     ;---Keitimas 0 i 255---
     64	0028  8B 0E 002Ar		     mov CX, j
     65	002C  BB 006Dr			     lea BX, matrica
     66	002F				     ciklas_j:		 ;eiluciu keitimo ciklas
     67	002F  51					push CX
     68	0030  83 C3 00					add BX,	0
     69	0033  8B 0E 0028r				mov CX,	i
     70	0037  83 E9 00					sub CX,	0
     71	003A						ciklas_i:	       ;stulpeliu keitimo ciklas
     72	003A  32 E4						   xor AH, AH
     73	003C  8A 07						   mov AL, [BX]
     74	003E  3D 0000						   cmp AX, 0
     75	0041  75 04						   jnz ne0
     76	0043  B0 FF						   mov AL, 255
     77	0045  88 07						   mov [BX], AL
     78	0047							ne0:
     79	0047  43						    inc	BX
     80	0048  E2 F0					loop ciklas_i
     81	004A  59				     pop CX
     82	004B  E2 E2			     loop ciklas_j
     83
     84	004D  E8 0075			     call eil_isv
     85	0050  B4 09			     mov ah, 09h
     86	0052  BA 0038r			     lea DX, pran3
     87	0055  CD 21			     int 21h
     88
     89	0057  E8 0019			     call mat_isv
     90
     91				     ;---Kursoriaus nustatymas---
     92	005A  B4 02			     mov AH, 02
     93	005C  B7 00			     mov BH, 00h
     94	005E  B6 15			     mov DH, 15h
     95	0060  B2 00			     mov DL, 00h
     96	0062  CD 10			     int 10h
     97
     98				     ;---Pabaiga---
     99	0064  B4 09			     mov ah, 09h
    100	0066  BA 004Dr			     lea DX, pab
    101	0069  CD 21			     int 21h
    102
    103				     ;---Isejimas i DOS---
    104	006B  B4 07			     mov AH, 07h
    105	006D  CD 21			     int 21h
    106	006F  B4 4C			     mov AH, 4Ch
    107	0071  CD 21			     int 21h
    108
    109				     ;---Matricos isvedimas---
    110	0073			     mat_isv:
    111	0073  50			     push AX
    112	0074  53			     push BX
    113	0075  51			     push CX
    114	0076  8B 0E 002Ar		     mov CX, j
Turbo Assembler	 Version 3.2	    17/01/06 13:15:14	    Page 3
3.asm



    115	007A  BB 006Dr			     lea BX, matrica
    116	007D  33 C0			     xor AX, AX
    117
    118	007F				     is_ciklas_j:
    119	007F  51					 push CX
    120	0080  8B 0E 0028r				 mov CX, i
    121
    122	0084						 is_ciklas_i:
    123	0084  8A 07						     mov AL, [BX]
    124	0086  E8 0010						     call sk_isv
    125	0089  E8 002E						     call tarp_isv	;tarpeliai tarp	skaiciu
    126	008C  43						     inc BX
    127	008D  E2 F5					 loop is_ciklas_i
    128
    129	008F  E8 0033					 call eil_isv
    130	0092  59					 pop CX
    131	0093  E2 EA			     loop is_ciklas_j
    132
    133	0095  59			     pop CX
    134	0096  5B			     pop BX
    135	0097  58			     pop AX
    136	0098  C3		     ret
    137
    138				     ;---Skaiciu isvedimas---
    139	0099			     sk_isv:
    140	0099  50			     push AX
    141	009A  51			     push CX
    142	009B  52			     push DX
    143	009C  B9 0000			     mov CX, 0
    144	009F				     sk_isv_1:
    145	009F  33 D2					  xor DX, DX
    146	00A1  F7 36 008Er				  div des
    147	00A5  83 C2 30					  add DX, 30h
    148	00A8  52					  push DX
    149	00A9  41					  inc CX
    150	00AA  3D 0000					  cmp AX, 0
    151	00AD  75 F0			     jnz sk_isv_1
    152
    153	00AF  B4 02			     mov AH, 02h
    154	00B1				     sk_isv_2:
    155	00B1  5A					  pop DX
    156	00B2  CD 21					  int 21h
    157	00B4  E2 FB			     loop sk_isv_2
    158
    159	00B6  5A			     pop DX
    160	00B7  59			     pop CX
    161	00B8  58			     pop AX
    162	00B9  C3		     ret
    163
    164				     ;---Isveda	tarpeli---
    165	00BA			     tarp_isv:
    166	00BA  50			     push AX
    167	00BB  52			     push DX
    168	00BC  B4 02			     mov AH, 02h
    169	00BE  B2 20			     mov DL, ' '
    170	00C0  CD 21			     int 21h
    171	00C2  5A			     pop DX
Turbo Assembler	 Version 3.2	    17/01/06 13:15:14	    Page 4
3.asm



    172	00C3  58			     pop AX
    173	00C4  C3		     ret
    174
    175				     ;---Nukelia i kita	eilute---
    176	00C5			     eil_isv:
    177	00C5  50			     push AX
    178	00C6  52			     push DX
    179	00C7  B4 09			     mov AH, 09h
    180	00C9  BA 008Br			     lea DX, eil
    181	00CC  CD 21			     int 21h
    182	00CE  5A			     pop DX
    183	00CF  58			     pop AX
    184	00D0  C3		     ret
    185	00D1			     programa ends
    186					     end start
Turbo Assembler	 Version 3.2	    18/01/06 03:22:43	    Page 5
Symbol Table




Symbol Name			  Type	 Value

??DATE				  Text	 "18/01/06"
??FILENAME			  Text	 "3	  "
??TIME				  Text	 "03:22:43"
??VERSION			  Number 0314
@CPU				  Text	 0101H
@CURSEG				  Text	 PROGRAMA
@FILENAME			  Text	 3
@WORDSIZE			  Text	 2
CIKLAS_I			  Near	 PROGRAMA:003A
CIKLAS_J			  Near	 PROGRAMA:002F
CR				  Number 000D
DES				  Word	 DUOMENYS:008E
EIL				  Byte	 DUOMENYS:008B
EIL_ISV				  Near	 PROGRAMA:00C5
I				  Word	 DUOMENYS:0028
IS_CIKLAS_I			  Near	 PROGRAMA:0084
IS_CIKLAS_J			  Near	 PROGRAMA:007F
J				  Word	 DUOMENYS:002A
LF				  Number 000A
MATRICA				  Byte	 DUOMENYS:006D
MAT_ISV				  Near	 PROGRAMA:0073
NE0				  Near	 PROGRAMA:0047
PAB				  Byte	 DUOMENYS:004D
PRAN1				  Byte	 DUOMENYS:0000
PRAN2				  Byte	 DUOMENYS:002C
PRAN3				  Byte	 DUOMENYS:0038
SK_ISV				  Near	 PROGRAMA:0099
SK_ISV_1			  Near	 PROGRAMA:009F
SK_ISV_2			  Near	 PROGRAMA:00B1
START				  Near	 PROGRAMA:0000
TARP_ISV			  Near	 PROGRAMA:00BA

Groups & Segments		  Bit Size Align  Combine Class

DUOMENYS			  16  0090 Para	  none
PROGRAMA			  16  00D1 Para	  none
STEKAS				  16  0100 Para	  Stack
